2015-06-26 00:03:48,104 - [INFO] - from play in pool-6-thread-5 
Listening for HTTP on /0:0:0:0:0:0:0:0:9000

2015-06-26 00:04:02,593 - [INFO] - from play in play-internal-execution-context-1 
Application started (Dev)

2015-06-26 00:04:04,454 - [ERROR] - from akka.actor.ActorSystemImpl in play-akka.actor.default-dispatcher-5 
Uncaught error from thread [play-akka.actor.default-dispatcher-3] shutting down JVM since 'akka.jvm-exit-on-fatal-error' is enabled
java.lang.ExceptionInInitializerError: null
	at sun.reflect.NativeConstructorAccessorImpl.newInstance0(Native Method) ~[na:1.8.0_45]
	at sun.reflect.NativeConstructorAccessorImpl.newInstance(NativeConstructorAccessorImpl.java:62) ~[na:1.8.0_45]
	at sun.reflect.DelegatingConstructorAccessorImpl.newInstance(DelegatingConstructorAccessorImpl.java:45) ~[na:1.8.0_45]
	at java.lang.reflect.Constructor.newInstance(Constructor.java:422) ~[na:1.8.0_45]
	at java.lang.Class.newInstance(Class.java:442) ~[na:1.8.0_45]
	at play.api.GlobalSettings$class.getControllerInstance(GlobalSettings.scala:198) ~[play_2.11-2.3.9.jar:2.3.9]
	at play.api.DefaultGlobal$.getControllerInstance(GlobalSettings.scala:206) ~[play_2.11-2.3.9.jar:2.3.9]
	at Routes$$anonfun$routes$1$$anonfun$applyOrElse$3$$anonfun$apply$19.apply(routes_routing.scala:111) ~[classes/:na]
	at Routes$$anonfun$routes$1$$anonfun$applyOrElse$3$$anonfun$apply$19.apply(routes_routing.scala:111) ~[classes/:na]
	at play.core.Router$HandlerInvokerFactory$$anon$4.resultCall(Router.scala:264) ~[play_2.11-2.3.9.jar:2.3.9]
	at play.core.Router$HandlerInvokerFactory$JavaActionInvokerFactory$$anon$15$$anon$1.invocation(Router.scala:255) ~[play_2.11-2.3.9.jar:2.3.9]
	at play.core.j.JavaAction$$anon$1.call(JavaAction.scala:55) ~[play_2.11-2.3.9.jar:2.3.9]
	at play.core.j.JavaAction$$anonfun$11.apply(JavaAction.scala:82) ~[play_2.11-2.3.9.jar:2.3.9]
	at play.core.j.JavaAction$$anonfun$11.apply(JavaAction.scala:82) ~[play_2.11-2.3.9.jar:2.3.9]
	at scala.concurrent.impl.Future$PromiseCompletingRunnable.liftedTree1$1(Future.scala:24) ~[scala-library-2.11.6.jar:na]
	at scala.concurrent.impl.Future$PromiseCompletingRunnable.run(Future.scala:24) ~[scala-library-2.11.6.jar:na]
	at play.core.j.HttpExecutionContext$$anon$2.run(HttpExecutionContext.scala:40) ~[play_2.11-2.3.9.jar:2.3.9]
	at play.api.libs.iteratee.Execution$trampoline$.execute(Execution.scala:46) ~[play-iteratees_2.11-2.3.9.jar:2.3.9]
	at play.core.j.HttpExecutionContext.execute(HttpExecutionContext.scala:32) ~[play_2.11-2.3.9.jar:2.3.9]
	at scala.concurrent.impl.Future$.apply(Future.scala:31) ~[scala-library-2.11.6.jar:na]
	at scala.concurrent.Future$.apply(Future.scala:492) ~[scala-library-2.11.6.jar:na]
	at play.core.j.JavaAction$class.apply(JavaAction.scala:82) ~[play_2.11-2.3.9.jar:2.3.9]
	at play.core.Router$HandlerInvokerFactory$JavaActionInvokerFactory$$anon$15$$anon$1.apply(Router.scala:252) ~[play_2.11-2.3.9.jar:2.3.9]
	at play.api.mvc.Action$$anonfun$apply$1$$anonfun$apply$4$$anonfun$apply$5.apply(Action.scala:130) ~[play_2.11-2.3.9.jar:2.3.9]
	at play.api.mvc.Action$$anonfun$apply$1$$anonfun$apply$4$$anonfun$apply$5.apply(Action.scala:130) ~[play_2.11-2.3.9.jar:2.3.9]
	at play.utils.Threads$.withContextClassLoader(Threads.scala:21) ~[play_2.11-2.3.9.jar:2.3.9]
	at play.api.mvc.Action$$anonfun$apply$1$$anonfun$apply$4.apply(Action.scala:129) ~[play_2.11-2.3.9.jar:2.3.9]
	at play.api.mvc.Action$$anonfun$apply$1$$anonfun$apply$4.apply(Action.scala:128) ~[play_2.11-2.3.9.jar:2.3.9]
	at scala.Option.map(Option.scala:146) ~[scala-library-2.11.6.jar:na]
	at play.api.mvc.Action$$anonfun$apply$1.apply(Action.scala:128) ~[play_2.11-2.3.9.jar:2.3.9]
	at play.api.mvc.Action$$anonfun$apply$1.apply(Action.scala:121) ~[play_2.11-2.3.9.jar:2.3.9]
	at play.api.libs.iteratee.Iteratee$$anonfun$mapM$1.apply(Iteratee.scala:483) ~[play-iteratees_2.11-2.3.9.jar:2.3.9]
	at play.api.libs.iteratee.Iteratee$$anonfun$mapM$1.apply(Iteratee.scala:483) ~[play-iteratees_2.11-2.3.9.jar:2.3.9]
	at play.api.libs.iteratee.Iteratee$$anonfun$flatMapM$1.apply(Iteratee.scala:519) ~[play-iteratees_2.11-2.3.9.jar:2.3.9]
	at play.api.libs.iteratee.Iteratee$$anonfun$flatMapM$1.apply(Iteratee.scala:519) ~[play-iteratees_2.11-2.3.9.jar:2.3.9]
	at play.api.libs.iteratee.Iteratee$$anonfun$flatMap$1$$anonfun$apply$14.apply(Iteratee.scala:496) ~[play-iteratees_2.11-2.3.9.jar:2.3.9]
	at play.api.libs.iteratee.Iteratee$$anonfun$flatMap$1$$anonfun$apply$14.apply(Iteratee.scala:496) ~[play-iteratees_2.11-2.3.9.jar:2.3.9]
	at scala.concurrent.impl.Future$PromiseCompletingRunnable.liftedTree1$1(Future.scala:24) ~[scala-library-2.11.6.jar:na]
	at scala.concurrent.impl.Future$PromiseCompletingRunnable.run(Future.scala:24) ~[scala-library-2.11.6.jar:na]
	at akka.dispatch.TaskInvocation.run(AbstractDispatcher.scala:41) ~[akka-actor_2.11-2.3.4.jar:na]
	at akka.dispatch.ForkJoinExecutorConfigurator$AkkaForkJoinTask.exec(AbstractDispatcher.scala:393) [akka-actor_2.11-2.3.4.jar:na]
	at scala.concurrent.forkjoin.ForkJoinTask.doExec(ForkJoinTask.java:260) [scala-library-2.11.6.jar:na]
	at scala.concurrent.forkjoin.ForkJoinPool$WorkQueue.runTask(ForkJoinPool.java:1339) [scala-library-2.11.6.jar:na]
	at scala.concurrent.forkjoin.ForkJoinPool.runWorker(ForkJoinPool.java:1979) [scala-library-2.11.6.jar:na]
	at scala.concurrent.forkjoin.ForkJoinWorkerThread.run(ForkJoinWorkerThread.java:107) [scala-library-2.11.6.jar:na]
Caused by: com.orientechnologies.orient.core.exception.OStorageException: Cannot create a connection to remote server address(es): [127.0.0.1:2424]
	at com.orientechnologies.orient.client.remote.OStorageRemote.openRemoteDatabase(OStorageRemote.java:1682) ~[orientdb-client-2.0.9.jar:2.0.9]
	at com.orientechnologies.orient.client.remote.OStorageRemote.open(OStorageRemote.java:212) ~[orientdb-client-2.0.9.jar:2.0.9]
	at com.orientechnologies.orient.client.remote.OStorageRemoteThread.open(OStorageRemoteThread.java:87) ~[orientdb-client-2.0.9.jar:2.0.9]
	at com.orientechnologies.orient.core.db.document.ODatabaseDocumentTx.open(ODatabaseDocumentTx.java:244) ~[orientdb-core-2.0.9.jar:2.0.9]
	at com.tinkerpop.blueprints.impls.orient.OrientBaseGraph.openOrCreate(OrientBaseGraph.java:1822) ~[orientdb-graphdb-2.0.9.jar:2.0.9]
	at com.tinkerpop.blueprints.impls.orient.OrientBaseGraph.<init>(OrientBaseGraph.java:171) ~[orientdb-graphdb-2.0.9.jar:2.0.9]
	at com.tinkerpop.blueprints.impls.orient.OrientTransactionalGraph.<init>(OrientTransactionalGraph.java:103) ~[orientdb-graphdb-2.0.9.jar:2.0.9]
	at com.tinkerpop.blueprints.impls.orient.OrientTransactionalGraph.<init>(OrientTransactionalGraph.java:99) ~[orientdb-graphdb-2.0.9.jar:2.0.9]
	at com.tinkerpop.blueprints.impls.orient.OrientGraph.<init>(OrientGraph.java:96) ~[orientdb-graphdb-2.0.9.jar:2.0.9]
	at controllers.Application.<clinit>(Application.java:36) ~[classes/:na]
	... 45 common frames omitted

2015-06-26 00:04:04,467 - [ERROR] - from akka.actor.ActorSystemImpl in play-akka.actor.default-dispatcher-5 
Uncaught error from thread [play-akka.actor.default-dispatcher-2] shutting down JVM since 'akka.jvm-exit-on-fatal-error' is enabled
java.lang.NoClassDefFoundError: Could not initialize class controllers.Application
	at sun.reflect.NativeConstructorAccessorImpl.newInstance0(Native Method) ~[na:1.8.0_45]
	at sun.reflect.NativeConstructorAccessorImpl.newInstance(NativeConstructorAccessorImpl.java:62) ~[na:1.8.0_45]
	at sun.reflect.DelegatingConstructorAccessorImpl.newInstance(DelegatingConstructorAccessorImpl.java:45) ~[na:1.8.0_45]
	at java.lang.reflect.Constructor.newInstance(Constructor.java:422) ~[na:1.8.0_45]
	at java.lang.Class.newInstance(Class.java:442) ~[na:1.8.0_45]
	at play.api.GlobalSettings$class.getControllerInstance(GlobalSettings.scala:198) ~[play_2.11-2.3.9.jar:2.3.9]
	at play.api.DefaultGlobal$.getControllerInstance(GlobalSettings.scala:206) ~[play_2.11-2.3.9.jar:2.3.9]
	at Routes$$anonfun$routes$1$$anonfun$applyOrElse$3$$anonfun$apply$19.apply(routes_routing.scala:111) ~[classes/:na]
	at Routes$$anonfun$routes$1$$anonfun$applyOrElse$3$$anonfun$apply$19.apply(routes_routing.scala:111) ~[classes/:na]
	at play.core.Router$HandlerInvokerFactory$$anon$4.resultCall(Router.scala:264) ~[play_2.11-2.3.9.jar:2.3.9]
	at play.core.Router$HandlerInvokerFactory$JavaActionInvokerFactory$$anon$15$$anon$1.invocation(Router.scala:255) ~[play_2.11-2.3.9.jar:2.3.9]
	at play.core.j.JavaAction$$anon$1.call(JavaAction.scala:55) ~[play_2.11-2.3.9.jar:2.3.9]
	at play.core.j.JavaAction$$anonfun$11.apply(JavaAction.scala:82) ~[play_2.11-2.3.9.jar:2.3.9]
	at play.core.j.JavaAction$$anonfun$11.apply(JavaAction.scala:82) ~[play_2.11-2.3.9.jar:2.3.9]
	at scala.concurrent.impl.Future$PromiseCompletingRunnable.liftedTree1$1(Future.scala:24) ~[scala-library-2.11.6.jar:na]
	at scala.concurrent.impl.Future$PromiseCompletingRunnable.run(Future.scala:24) ~[scala-library-2.11.6.jar:na]
	at play.core.j.HttpExecutionContext$$anon$2.run(HttpExecutionContext.scala:40) ~[play_2.11-2.3.9.jar:2.3.9]
	at play.api.libs.iteratee.Execution$trampoline$.execute(Execution.scala:46) ~[play-iteratees_2.11-2.3.9.jar:2.3.9]
	at play.core.j.HttpExecutionContext.execute(HttpExecutionContext.scala:32) ~[play_2.11-2.3.9.jar:2.3.9]
	at scala.concurrent.impl.Future$.apply(Future.scala:31) ~[scala-library-2.11.6.jar:na]
	at scala.concurrent.Future$.apply(Future.scala:492) ~[scala-library-2.11.6.jar:na]
	at play.core.j.JavaAction$class.apply(JavaAction.scala:82) ~[play_2.11-2.3.9.jar:2.3.9]
	at play.core.Router$HandlerInvokerFactory$JavaActionInvokerFactory$$anon$15$$anon$1.apply(Router.scala:252) ~[play_2.11-2.3.9.jar:2.3.9]
	at play.api.mvc.Action$$anonfun$apply$1$$anonfun$apply$4$$anonfun$apply$5.apply(Action.scala:130) ~[play_2.11-2.3.9.jar:2.3.9]
	at play.api.mvc.Action$$anonfun$apply$1$$anonfun$apply$4$$anonfun$apply$5.apply(Action.scala:130) ~[play_2.11-2.3.9.jar:2.3.9]
	at play.utils.Threads$.withContextClassLoader(Threads.scala:21) ~[play_2.11-2.3.9.jar:2.3.9]
	at play.api.mvc.Action$$anonfun$apply$1$$anonfun$apply$4.apply(Action.scala:129) ~[play_2.11-2.3.9.jar:2.3.9]
	at play.api.mvc.Action$$anonfun$apply$1$$anonfun$apply$4.apply(Action.scala:128) ~[play_2.11-2.3.9.jar:2.3.9]
	at scala.Option.map(Option.scala:146) ~[scala-library-2.11.6.jar:na]
	at play.api.mvc.Action$$anonfun$apply$1.apply(Action.scala:128) ~[play_2.11-2.3.9.jar:2.3.9]
	at play.api.mvc.Action$$anonfun$apply$1.apply(Action.scala:121) ~[play_2.11-2.3.9.jar:2.3.9]
	at play.api.libs.iteratee.Iteratee$$anonfun$mapM$1.apply(Iteratee.scala:483) ~[play-iteratees_2.11-2.3.9.jar:2.3.9]
	at play.api.libs.iteratee.Iteratee$$anonfun$mapM$1.apply(Iteratee.scala:483) ~[play-iteratees_2.11-2.3.9.jar:2.3.9]
	at play.api.libs.iteratee.Iteratee$$anonfun$flatMapM$1.apply(Iteratee.scala:519) ~[play-iteratees_2.11-2.3.9.jar:2.3.9]
	at play.api.libs.iteratee.Iteratee$$anonfun$flatMapM$1.apply(Iteratee.scala:519) ~[play-iteratees_2.11-2.3.9.jar:2.3.9]
	at play.api.libs.iteratee.Iteratee$$anonfun$flatMap$1$$anonfun$apply$14.apply(Iteratee.scala:496) ~[play-iteratees_2.11-2.3.9.jar:2.3.9]
	at play.api.libs.iteratee.Iteratee$$anonfun$flatMap$1$$anonfun$apply$14.apply(Iteratee.scala:496) ~[play-iteratees_2.11-2.3.9.jar:2.3.9]
	at scala.concurrent.impl.Future$PromiseCompletingRunnable.liftedTree1$1(Future.scala:24) ~[scala-library-2.11.6.jar:na]
	at scala.concurrent.impl.Future$PromiseCompletingRunnable.run(Future.scala:24) ~[scala-library-2.11.6.jar:na]
	at akka.dispatch.TaskInvocation.run(AbstractDispatcher.scala:41) ~[akka-actor_2.11-2.3.4.jar:na]
	at akka.dispatch.ForkJoinExecutorConfigurator$AkkaForkJoinTask.exec(AbstractDispatcher.scala:393) [akka-actor_2.11-2.3.4.jar:na]
	at scala.concurrent.forkjoin.ForkJoinTask.doExec(ForkJoinTask.java:260) [scala-library-2.11.6.jar:na]
	at scala.concurrent.forkjoin.ForkJoinPool$WorkQueue.runTask(ForkJoinPool.java:1339) [scala-library-2.11.6.jar:na]
	at scala.concurrent.forkjoin.ForkJoinPool.runWorker(ForkJoinPool.java:1979) [scala-library-2.11.6.jar:na]
	at scala.concurrent.forkjoin.ForkJoinWorkerThread.run(ForkJoinWorkerThread.java:107) [scala-library-2.11.6.jar:na]

